<?xml version="1.0" encoding="UTF-8"?>
<coverage generated="1582409111078" clover="3.2.0">
  <project timestamp="1582409111078" name="All files">
    <metrics statements="18" coveredstatements="18" conditionals="2" coveredconditionals="2" methods="3" coveredmethods="3" elements="23" coveredelements="23" complexity="0" loc="18" ncloc="18" packages="1" files="1" classes="1"/>
    <file name="useGeneratedLeet.js" path="/Users/taylor.stackpole/StackAttack/use-leet/src/useGeneratedLeet.js">
      <metrics statements="18" coveredstatements="18" conditionals="2" coveredconditionals="2" methods="3" coveredmethods="3"/>
      <line num="8" count="13" type="stmt"/>
      <line num="11" count="13" type="cond" truecount="2" falsecount="0"/>
      <line num="14" count="12" type="stmt"/>
      <line num="17" count="12" type="stmt"/>
      <line num="20" count="12" type="stmt"/>
      <line num="23" count="12" type="stmt"/>
      <line num="26" count="12" type="stmt"/>
      <line num="29" count="12" type="stmt"/>
      <line num="30" count="12" type="stmt"/>
      <line num="33" count="12" type="stmt"/>
      <line num="36" count="12" type="stmt"/>
      <line num="39" count="12" type="stmt"/>
      <line num="42" count="12" type="stmt"/>
      <line num="45" count="12" type="stmt"/>
      <line num="48" count="12" type="stmt"/>
      <line num="51" count="12" type="stmt"/>
      <line num="54" count="150" type="stmt"/>
      <line num="57" count="12" type="stmt"/>
    </file>
  </project>
</coverage>
