<?xml version="1.0" encoding="UTF-8"?>
<coverage generated="1581811471237" clover="3.2.0">
  <project timestamp="1581811471237" name="All files">
    <metrics statements="24" coveredstatements="24" conditionals="6" coveredconditionals="4" methods="6" coveredmethods="6" elements="36" coveredelements="34" complexity="0" loc="24" ncloc="24" packages="1" files="4" classes="4"/>
    <file name="config.js" path="/Users/taylor.stackpole/StackAttack/use-leet/src/config.js">
      <metrics statements="1" coveredstatements="1" conditionals="0" coveredconditionals="0" methods="0" coveredmethods="0"/>
      <line num="1" count="1" type="stmt"/>
    </file>
    <file name="getLeetValue.js" path="/Users/taylor.stackpole/StackAttack/use-leet/src/getLeetValue.js">
      <metrics statements="2" coveredstatements="2" conditionals="3" coveredconditionals="2" methods="1" coveredmethods="1"/>
      <line num="7" count="99" type="stmt"/>
      <line num="8" count="99" type="cond" truecount="2" falsecount="0"/>
    </file>
    <file name="index.js" path="/Users/taylor.stackpole/StackAttack/use-leet/src/index.js">
      <metrics statements="5" coveredstatements="5" conditionals="2" coveredconditionals="2" methods="2" coveredmethods="2"/>
      <line num="9" count="9" type="stmt"/>
      <line num="12" count="9" type="stmt"/>
      <line num="13" count="9" type="stmt"/>
      <line num="20" count="9" type="stmt"/>
      <line num="22" count="9" type="stmt"/>
    </file>
    <file name="useGeneratedLeet.js" path="/Users/taylor.stackpole/StackAttack/use-leet/src/useGeneratedLeet.js">
      <metrics statements="16" coveredstatements="16" conditionals="1" coveredconditionals="0" methods="3" coveredmethods="3"/>
      <line num="8" count="9" type="stmt"/>
      <line num="11" count="9" type="stmt"/>
      <line num="14" count="9" type="stmt"/>
      <line num="17" count="9" type="stmt"/>
      <line num="20" count="9" type="stmt"/>
      <line num="23" count="9" type="stmt"/>
      <line num="26" count="9" type="stmt"/>
      <line num="27" count="9" type="stmt"/>
      <line num="30" count="9" type="stmt"/>
      <line num="33" count="9" type="stmt"/>
      <line num="36" count="9" type="stmt"/>
      <line num="39" count="9" type="stmt"/>
      <line num="42" count="9" type="stmt"/>
      <line num="45" count="9" type="stmt"/>
      <line num="48" count="99" type="stmt"/>
      <line num="51" count="9" type="stmt"/>
    </file>
  </project>
</coverage>
