{"/Users/taylor.stackpole/StackAttack/use-leet/src/useGeneratedLeet.js": {"path":"/Users/taylor.stackpole/StackAttack/use-leet/src/useGeneratedLeet.js","statementMap":{"0":{"start":{"line":8,"column":2},"end":{"line":59,"column":42}},"1":{"start":{"line":11,"column":4},"end":{"line":11,"column":63}},"2":{"start":{"line":11,"column":29},"end":{"line":11,"column":61}},"3":{"start":{"line":14,"column":22},"end":{"line":14,"column":27}},"4":{"start":{"line":17,"column":4},"end":{"line":17,"column":53}},"5":{"start":{"line":20,"column":4},"end":{"line":20,"column":54}},"6":{"start":{"line":23,"column":4},"end":{"line":23,"column":58}},"7":{"start":{"line":26,"column":4},"end":{"line":26,"column":53}},"8":{"start":{"line":29,"column":4},"end":{"line":29,"column":58}},"9":{"start":{"line":30,"column":4},"end":{"line":30,"column":56}},"10":{"start":{"line":33,"column":4},"end":{"line":33,"column":55}},"11":{"start":{"line":36,"column":4},"end":{"line":36,"column":83}},"12":{"start":{"line":39,"column":4},"end":{"line":39,"column":56}},"13":{"start":{"line":42,"column":4},"end":{"line":42,"column":57}},"14":{"start":{"line":45,"column":4},"end":{"line":45,"column":94}},"15":{"start":{"line":48,"column":4},"end":{"line":48,"column":63}},"16":{"start":{"line":51,"column":4},"end":{"line":51,"column":56}},"17":{"start":{"line":54,"column":26},"end":{"line":54,"column":101}},"18":{"start":{"line":54,"column":62},"end":{"line":54,"column":91}},"19":{"start":{"line":57,"column":4},"end":{"line":57,"column":25}}},"fnMap":{"0":{"name":"useGeneratedLeet","decl":{"start":{"line":6,"column":24},"end":{"line":6,"column":40}},"loc":{"start":{"line":6,"column":59},"end":{"line":60,"column":1}},"line":6},"1":{"name":"(anonymous_1)","decl":{"start":{"line":8,"column":17},"end":{"line":8,"column":18}},"loc":{"start":{"line":8,"column":23},"end":{"line":59,"column":3}},"line":8},"2":{"name":"(anonymous_2)","decl":{"start":{"line":54,"column":52},"end":{"line":54,"column":53}},"loc":{"start":{"line":54,"column":62},"end":{"line":54,"column":91}},"line":54}},"branchMap":{"0":{"loc":{"start":{"line":11,"column":4},"end":{"line":11,"column":63}},"type":"if","locations":[{"start":{"line":11,"column":4},"end":{"line":11,"column":63}},{"start":{"line":11,"column":4},"end":{"line":11,"column":63}}],"line":11}},"s":{"0":13,"1":13,"2":1,"3":12,"4":12,"5":12,"6":12,"7":12,"8":12,"9":12,"10":12,"11":12,"12":12,"13":12,"14":12,"15":12,"16":12,"17":12,"18":150,"19":12},"f":{"0":13,"1":13,"2":150},"b":{"0":[1,12]},"_coverageSchema":"43e27e138ebf9cfc5966b082cf9a028302ed4184","hash":"d15730317f41f0a38e86244e2f31c7c0ba78e5c9"}
}
