{"/Users/taylor.stackpole/StackAttack/use-leet/src/config.js": {"path":"/Users/taylor.stackpole/StackAttack/use-leet/src/config.js","statementMap":{"0":{"start":{"line":1,"column":30},"end":{"line":42,"column":1}}},"fnMap":{},"branchMap":{},"s":{"0":1},"f":{},"b":{},"_coverageSchema":"43e27e138ebf9cfc5966b082cf9a028302ed4184","hash":"ddc9161525fa7f53d1f5b764708adbf59d9c75d7"}
,"/Users/taylor.stackpole/StackAttack/use-leet/src/getLeetValue.js": {"path":"/Users/taylor.stackpole/StackAttack/use-leet/src/getLeetValue.js","statementMap":{"0":{"start":{"line":8,"column":18},"end":{"line":8,"column":47}},"1":{"start":{"line":9,"column":2},"end":{"line":9,"column":40}}},"fnMap":{"0":{"name":"getLeetValue","decl":{"start":{"line":7,"column":24},"end":{"line":7,"column":36}},"loc":{"start":{"line":7,"column":54},"end":{"line":10,"column":1}},"line":7}},"branchMap":{"0":{"loc":{"start":{"line":9,"column":9},"end":{"line":9,"column":39}},"type":"cond-expr","locations":[{"start":{"line":9,"column":21},"end":{"line":9,"column":30}},{"start":{"line":9,"column":33},"end":{"line":9,"column":39}}],"line":9}},"s":{"0":129,"1":129},"f":{"0":129},"b":{"0":[104,25]},"_coverageSchema":"43e27e138ebf9cfc5966b082cf9a028302ed4184","hash":"0fab51915f13bd446fd56162787dd9f4e34395a4"}
,"/Users/taylor.stackpole/StackAttack/use-leet/src/index.js": {"path":"/Users/taylor.stackpole/StackAttack/use-leet/src/index.js","statementMap":{"0":{"start":{"line":9,"column":2},"end":{"line":9,"column":35}},"1":{"start":{"line":12,"column":0},"end":{"line":17,"column":1}},"2":{"start":{"line":13,"column":2},"end":{"line":16,"column":4}},"3":{"start":{"line":19,"column":0},"end":{"line":21,"column":1}},"4":{"start":{"line":20,"column":2},"end":{"line":20,"column":18}},"5":{"start":{"line":27,"column":30},"end":{"line":27,"column":52}},"6":{"start":{"line":30,"column":18},"end":{"line":35,"column":14}},"7":{"start":{"line":31,"column":4},"end":{"line":34,"column":6}},"8":{"start":{"line":38,"column":15},"end":{"line":38,"column":47}},"9":{"start":{"line":40,"column":2},"end":{"line":40,"column":35}}},"fnMap":{"0":{"name":"UseLeetGlobal","decl":{"start":{"line":8,"column":9},"end":{"line":8,"column":22}},"loc":{"start":{"line":8,"column":25},"end":{"line":10,"column":1}},"line":8},"1":{"name":"(anonymous_1)","decl":{"start":{"line":12,"column":33},"end":{"line":12,"column":34}},"loc":{"start":{"line":12,"column":57},"end":{"line":17,"column":1}},"line":12},"2":{"name":"(anonymous_2)","decl":{"start":{"line":19,"column":33},"end":{"line":19,"column":34}},"loc":{"start":{"line":19,"column":44},"end":{"line":21,"column":1}},"line":19},"3":{"name":"useLeet","decl":{"start":{"line":24,"column":16},"end":{"line":24,"column":23}},"loc":{"start":{"line":24,"column":58},"end":{"line":41,"column":1}},"line":24},"4":{"name":"(anonymous_4)","decl":{"start":{"line":30,"column":26},"end":{"line":30,"column":27}},"loc":{"start":{"line":30,"column":32},"end":{"line":35,"column":3}},"line":30}},"branchMap":{"0":{"loc":{"start":{"line":6,"column":16},"end":{"line":6,"column":72}},"type":"binary-expr","locations":[{"start":{"line":6,"column":16},"end":{"line":6,"column":30}},{"start":{"line":6,"column":35},"end":{"line":6,"column":71}}],"line":6},"1":{"loc":{"start":{"line":24,"column":25},"end":{"line":24,"column":42}},"type":"default-arg","locations":[{"start":{"line":24,"column":40},"end":{"line":24,"column":42}}],"line":24},"2":{"loc":{"start":{"line":24,"column":44},"end":{"line":24,"column":55}},"type":"default-arg","locations":[{"start":{"line":24,"column":53},"end":{"line":24,"column":55}}],"line":24}},"s":{"0":1,"1":1,"2":1,"3":1,"4":11,"5":11,"6":11,"7":11,"8":11,"9":11},"f":{"0":1,"1":1,"2":11,"3":11,"4":11},"b":{"0":[1,1],"1":[1],"2":[10]},"_coverageSchema":"43e27e138ebf9cfc5966b082cf9a028302ed4184","hash":"19e33bc191f3533401681583c39a4fc85020df73"}
,"/Users/taylor.stackpole/StackAttack/use-leet/src/useGeneratedLeet.js": {"path":"/Users/taylor.stackpole/StackAttack/use-leet/src/useGeneratedLeet.js","statementMap":{"0":{"start":{"line":8,"column":2},"end":{"line":56,"column":23}},"1":{"start":{"line":11,"column":22},"end":{"line":11,"column":27}},"2":{"start":{"line":14,"column":4},"end":{"line":14,"column":53}},"3":{"start":{"line":17,"column":4},"end":{"line":17,"column":54}},"4":{"start":{"line":20,"column":4},"end":{"line":20,"column":58}},"5":{"start":{"line":23,"column":4},"end":{"line":23,"column":53}},"6":{"start":{"line":26,"column":4},"end":{"line":26,"column":58}},"7":{"start":{"line":27,"column":4},"end":{"line":27,"column":56}},"8":{"start":{"line":30,"column":4},"end":{"line":30,"column":55}},"9":{"start":{"line":33,"column":4},"end":{"line":33,"column":83}},"10":{"start":{"line":36,"column":4},"end":{"line":36,"column":56}},"11":{"start":{"line":39,"column":4},"end":{"line":39,"column":57}},"12":{"start":{"line":42,"column":4},"end":{"line":42,"column":94}},"13":{"start":{"line":45,"column":4},"end":{"line":45,"column":63}},"14":{"start":{"line":48,"column":4},"end":{"line":48,"column":56}},"15":{"start":{"line":51,"column":26},"end":{"line":51,"column":101}},"16":{"start":{"line":51,"column":62},"end":{"line":51,"column":91}},"17":{"start":{"line":54,"column":4},"end":{"line":54,"column":25}}},"fnMap":{"0":{"name":"useGeneratedLeet","decl":{"start":{"line":6,"column":24},"end":{"line":6,"column":40}},"loc":{"start":{"line":6,"column":76},"end":{"line":57,"column":1}},"line":6},"1":{"name":"(anonymous_1)","decl":{"start":{"line":8,"column":17},"end":{"line":8,"column":18}},"loc":{"start":{"line":8,"column":23},"end":{"line":56,"column":3}},"line":8},"2":{"name":"(anonymous_2)","decl":{"start":{"line":51,"column":52},"end":{"line":51,"column":53}},"loc":{"start":{"line":51,"column":62},"end":{"line":51,"column":91}},"line":51}},"branchMap":{"0":{"loc":{"start":{"line":6,"column":49},"end":{"line":6,"column":73}},"type":"default-arg","locations":[{"start":{"line":6,"column":59},"end":{"line":6,"column":73}}],"line":6}},"s":{"0":11,"1":11,"2":11,"3":11,"4":11,"5":11,"6":11,"7":11,"8":11,"9":11,"10":11,"11":11,"12":11,"13":11,"14":11,"15":11,"16":129,"17":11},"f":{"0":11,"1":11,"2":129},"b":{"0":[0]},"_coverageSchema":"43e27e138ebf9cfc5966b082cf9a028302ed4184","hash":"1f2adbe453873c65eb50ac29f9a6d4324df88c7c"}
}
