TN:
SF:/Users/taylor.stackpole/StackAttack/use-leet/src/config.js
FNF:0
FNH:0
DA:1,1
LF:1
LH:1
BRF:0
BRH:0
end_of_record
TN:
SF:/Users/taylor.stackpole/StackAttack/use-leet/src/getLeetValue.js
FN:6,getLeetValue
FNF:1
FNH:1
FNDA:99,getLeetValue
DA:7,99
DA:8,99
LF:2
LH:2
BRDA:6,0,0,0
BRDA:8,1,0,78
BRDA:8,1,1,21
BRF:3
BRH:2
end_of_record
TN:
SF:/Users/taylor.stackpole/StackAttack/use-leet/src/index.js
FN:6,useLeet
FN:12,(anonymous_1)
FNF:2
FNH:2
FNDA:9,useLeet
FNDA:9,(anonymous_1)
DA:9,9
DA:12,9
DA:13,9
DA:20,9
DA:22,9
LF:5
LH:5
BRDA:6,0,0,1
BRDA:6,1,0,8
BRF:2
BRH:2
end_of_record
TN:
SF:/Users/taylor.stackpole/StackAttack/use-leet/src/useGeneratedLeet.js
FN:6,useGeneratedLeet
FN:8,(anonymous_1)
FN:48,(anonymous_2)
FNF:3
FNH:3
FNDA:9,useGeneratedLeet
FNDA:9,(anonymous_1)
FNDA:99,(anonymous_2)
DA:8,9
DA:11,9
DA:14,9
DA:17,9
DA:20,9
DA:23,9
DA:26,9
DA:27,9
DA:30,9
DA:33,9
DA:36,9
DA:39,9
DA:42,9
DA:45,9
DA:48,99
DA:51,9
LF:16
LH:16
BRDA:6,0,0,0
BRF:1
BRH:0
end_of_record
