TN:
SF:/Users/taylor.stackpole/StackAttack/use-leet/src/index.js
FN:8,UseLeetGlobal
FN:14,(anonymous_1)
FN:22,(anonymous_2)
FN:26,(anonymous_3)
FN:31,(anonymous_4)
FN:33,(anonymous_5)
FN:42,(anonymous_6)
FN:47,(anonymous_7)
FN:51,(anonymous_8)
FN:55,(anonymous_9)
FN:59,useLeet
FN:65,(anonymous_11)
FNF:12
FNH:11
FNDA:1,UseLeetGlobal
FNDA:3,(anonymous_1)
FNDA:2,(anonymous_2)
FNDA:1,(anonymous_3)
FNDA:3,(anonymous_4)
FNDA:2,(anonymous_5)
FNDA:2,(anonymous_6)
FNDA:0,(anonymous_7)
FNDA:12,(anonymous_8)
FNDA:13,(anonymous_9)
FNDA:12,useLeet
FNDA:12,(anonymous_11)
DA:9,1
DA:10,1
DA:15,3
DA:16,3
DA:17,0
DA:22,2
DA:27,1
DA:31,1
DA:32,3
DA:33,1
DA:34,2
DA:36,1
DA:42,1
DA:43,2
DA:44,1
DA:47,1
DA:48,0
DA:51,1
DA:52,12
DA:55,1
DA:56,13
DA:62,12
DA:65,12
DA:66,12
DA:73,12
DA:75,12
LF:26
LH:24
BRDA:6,0,0,1
BRDA:6,0,1,1
BRDA:32,1,0,2
BRDA:32,1,1,1
BRDA:34,2,0,0
BRDA:34,2,1,2
BRDA:43,3,0,1
BRDA:43,3,1,1
BRDA:59,4,0,1
BRDA:59,5,0,11
BRF:10
BRH:9
end_of_record
TN:
SF:/Users/taylor.stackpole/StackAttack/use-leet/src/useGeneratedLeet.js
FN:7,useGeneratedLeet
FN:9,(anonymous_1)
FN:55,(anonymous_2)
FNF:3
FNH:3
FNDA:12,useGeneratedLeet
FNDA:12,(anonymous_1)
FNDA:129,(anonymous_2)
DA:9,12
DA:12,12
DA:15,11
DA:18,11
DA:21,11
DA:24,11
DA:27,11
DA:30,11
DA:31,11
DA:34,11
DA:37,11
DA:40,11
DA:43,11
DA:46,11
DA:49,11
DA:52,11
DA:55,129
DA:58,11
LF:18
LH:18
BRDA:7,0,0,0
BRDA:7,1,0,0
BRDA:12,2,0,1
BRDA:12,2,1,11
BRF:4
BRH:2
end_of_record
